2025-06-20 13:36:16,171 - INFO - Loading art_scoring.csv...
2025-06-20 13:36:16,429 - INFO - Loaded 19155 cards from art_scoring.csv
2025-06-20 13:36:16,429 - INFO - TRIAL MODE: Testing on 5 cards only
2025-06-20 13:36:16,429 - INFO - Using device: cpu
2025-06-20 13:36:16,429 - INFO - Loading PickScore model and processor...
2025-06-20 13:36:19,573 - INFO - PickScore model loaded successfully
2025-06-20 13:36:19,589 - INFO - Starting scoring of 5 cards in batches of 50...
2025-06-20 13:36:37,915 - INFO - Image feature norms: [30.428848266601562, 30.679996490478516, 30.348709106445312, 30.369705200195312, 31.081409454345703]
2025-06-20 13:36:37,916 - INFO - Text feature norm: 21.225601196289062
2025-06-20 13:36:37,918 - INFO - logit_scale: 98.8645
2025-06-20 13:36:37,922 - INFO - Raw PickScore logits: [[20.87827491760254, 19.559633255004883, 20.121007919311523, 20.734283447265625, 19.950090408325195], [20.87827491760254, 19.559633255004883, 20.121007919311523, 20.734283447265625, 19.950090408325195], [20.87827491760254, 19.559633255004883, 20.121007919311523, 20.734283447265625, 19.950090408325195], [20.87827491760254, 19.559633255004883, 20.121007919311523, 20.734283447265625, 19.950090408325195], [20.87827491760254, 19.559633255004883, 20.121007919311523, 20.734283447265625, 19.950090408325195]]
2025-06-20 13:38:03,414 - INFO - Loading art_scoring.csv...
2025-06-20 13:38:03,671 - INFO - Loaded 19155 cards from art_scoring.csv
2025-06-20 13:38:03,671 - INFO - TRIAL MODE: Testing on 5 cards only
2025-06-20 13:38:03,671 - INFO - Using device: cpu
2025-06-20 13:38:03,671 - INFO - Loading PickScore model and processor...
2025-06-20 13:38:08,315 - INFO - PickScore model loaded successfully
2025-06-20 13:38:08,318 - INFO - Starting scoring of 5 cards in batches of 50...
2025-06-20 13:38:30,565 - INFO - Image feature norms: [30.428848266601562, 30.679996490478516, 30.348709106445312, 30.369705200195312, 31.081409454345703]
2025-06-20 13:38:30,567 - INFO - Text feature norm: 21.225601196289062
2025-06-20 13:38:30,569 - INFO - logit_scale: 98.8645
2025-06-20 13:38:30,574 - INFO - Raw PickScore logits: [[20.87827491760254, 19.559633255004883, 20.121007919311523, 20.734283447265625, 19.950090408325195], [20.87827491760254, 19.559633255004883, 20.121007919311523, 20.734283447265625, 19.950090408325195], [20.87827491760254, 19.559633255004883, 20.121007919311523, 20.734283447265625, 19.950090408325195], [20.87827491760254, 19.559633255004883, 20.121007919311523, 20.734283447265625, 19.950090408325195], [20.87827491760254, 19.559633255004883, 20.121007919311523, 20.734283447265625, 19.950090408325195]]
2025-06-20 13:38:30,613 - INFO - ✅ Completed scoring 5 cards in 22.30 seconds (TRIAL MODE)
2025-06-20 13:38:30,620 - INFO - Score range before rescale: min=20.87827491760254, max=20.87827491760254
2025-06-20 13:38:30,620 - WARNING - Cannot rescale — min and max are equal or missing. Assigning neutral score.
2025-06-20 13:38:30,633 - INFO - Trial results saved to art_scoring_trial.cs
2025-06-20 13:40:55,638 - INFO - Loading art_scoring.csv...
2025-06-20 13:40:55,888 - INFO - Loaded 19155 cards from art_scoring.csv
2025-06-20 13:40:55,889 - INFO - TRIAL MODE: Testing on 5 cards only
2025-06-20 13:40:55,889 - INFO - Using device: cpu
2025-06-20 13:40:55,889 - INFO - Loading PickScore model and processor...
2025-06-20 13:40:58,199 - INFO - PickScore model loaded successfully
2025-06-20 13:40:58,202 - INFO - Starting scoring of 5 cards in batches of 50...
2025-06-20 13:41:16,395 - INFO - Image feature norms: [30.428848266601562, 30.679996490478516, 30.348709106445312, 30.369705200195312, 31.081409454345703]
2025-06-20 13:41:16,396 - INFO - Text feature norm: 21.225601196289062
2025-06-20 13:41:16,398 - INFO - logit_scale: 98.8645
2025-06-20 13:41:16,400 - INFO - Raw PickScore logits: [20.87827491760254, 19.559633255004883, 20.121007919311523, 20.734283447265625, 19.950090408325195]
2025-06-20 13:41:16,421 - INFO - ✅ Completed scoring 5 cards in 18.22 seconds (TRIAL MODE)
2025-06-20 13:41:16,423 - INFO - Score range before rescale: min=19.559633255004883, max=20.87827491760254
2025-06-20 13:41:16,430 - INFO - Trial results saved to art_scoring_trial.csv
2025-06-20 13:43:21,076 - INFO - Loading art_scoring.csv...
2025-06-20 13:43:21,334 - INFO - Loaded 19155 cards from art_scoring.csv
2025-06-20 13:43:21,339 - INFO - Added Hearthflame Mask Ogerpon ex to trial set
2025-06-20 13:43:21,341 - INFO - TRIAL MODE: Testing on 15 cards
2025-06-20 13:43:21,341 - INFO - Using device: cpu
2025-06-20 13:43:21,341 - INFO - Loading PickScore model and processor...
2025-06-20 13:43:23,723 - INFO - PickScore model loaded successfully
2025-06-20 13:43:23,723 - INFO - Starting scoring of 15 cards in batches of 50...
2025-06-20 13:43:51,646 - INFO - Image feature norms: [30.428848266601562, 30.679996490478516, 30.348709106445312, 30.369705200195312, 31.081409454345703, 30.65876007080078, 31.104162216186523, 31.06557846069336, 30.502470016479492, 31.045421600341797, 30.422391891479492, 30.96806526184082, 30.449310302734375, 30.76527976989746, 30.67648696899414]
2025-06-20 13:43:51,648 - INFO - Text feature norm: 21.225601196289062
2025-06-20 13:43:51,650 - INFO - logit_scale: 98.8645
2025-06-20 13:43:51,652 - INFO - Raw PickScore logits: [20.87827491760254, 19.559633255004883, 20.121007919311523, 20.734283447265625, 19.950090408325195, 19.422582626342773, 20.045883178710938, 19.222057342529297, 20.081336975097656, 19.518041610717773, 20.39620018005371, 20.35759162902832, 20.27718162536621, 19.862947463989258, 20.31495475769043]
2025-06-20 13:43:51,685 - INFO - ✅ Completed scoring 15 cards in 27.96 seconds (TRIAL MODE)
2025-06-20 13:43:51,690 - INFO - Score range before rescale: min=19.222057342529297, max=20.87827491760254
2025-06-20 13:43:51,702 - INFO - Trial results saved to art_scorin_trial.csv
2025-06-20 13:46:56,570 - INFO - Loading art_scoring.csv...
2025-06-20 13:46:56,831 - INFO - Loaded 19155 cards from art_scoring.csv
2025-06-20 13:46:56,836 - INFO - Added Hearthflame Mask Ogerpon ex to trial set
2025-06-20 13:46:56,839 - INFO - TRIAL MODE: Testing on 15 cards
2025-06-20 13:46:56,839 - INFO - Using device: cpu
2025-06-20 13:46:56,839 - INFO - Loading PickScore model and processor...
2025-06-20 13:47:00,858 - INFO - PickScore model loaded successfully
2025-06-20 13:47:00,858 - INFO - Starting scoring of 15 cards in batches of 50...
2025-06-20 13:47:32,396 - INFO - Image feature norms: [30.428848266601562, 30.679996490478516, 30.348709106445312, 30.369705200195312, 31.081409454345703, 30.65876007080078, 31.104162216186523, 31.06557846069336, 30.502470016479492, 31.045421600341797, 30.422391891479492, 30.96806526184082, 30.449310302734375, 30.76527976989746, 30.67648696899414]
2025-06-20 13:47:32,396 - INFO - Text feature norm: 22.00403594970703
2025-06-20 13:47:32,398 - INFO - logit_scale: 98.8645
2025-06-20 13:47:32,400 - INFO - Raw PickScore logits: [19.920576095581055, 18.982257843017578, 19.259939193725586, 19.85982894897461, 19.390188217163086, 18.63352394104004, 19.36668586730957, 18.504161834716797, 19.136693954467773, 18.643842697143555, 19.55630874633789, 19.56776237487793, 19.4664363861084, 19.209213256835938, 19.663354873657227]
2025-06-20 13:47:32,411 - INFO - ✅ Completed scoring 15 cards in 31.55 seconds (TRIAL MODE)
2025-06-20 13:47:32,413 - INFO - Score range before rescale: min=18.504161834716797, max=19.920576095581055
2025-06-20 13:47:32,430 - INFO - Trial results saved to art_scorin_trial.csv
2025-06-20 13:58:46,255 - INFO - Loading art_scoring.csv...
2025-06-20 13:58:46,502 - INFO - Loaded 19155 cards from art_scoring.csv
2025-06-20 13:58:46,507 - INFO - Added Hearthflame Mask Ogerpon ex to trial set
2025-06-20 13:58:46,510 - INFO - TRIAL MODE: Testing on 15 cards
2025-06-20 13:58:46,510 - INFO - Using device: cpu
2025-06-20 13:58:46,510 - INFO - Loading PickScore model and processor...
2025-06-20 13:58:49,007 - INFO - PickScore model loaded successfully
2025-06-20 13:58:49,008 - INFO - Starting scoring of 15 cards in batches of 50...
2025-06-20 13:59:17,412 - INFO - Image feature norms: [30.428848266601562, 30.679996490478516, 30.348709106445312, 30.369705200195312, 31.081409454345703, 30.65876007080078, 31.104162216186523, 31.06557846069336, 30.502470016479492, 31.045421600341797, 30.422391891479492, 30.96806526184082, 30.449310302734375, 30.76527976989746, 30.67648696899414]
2025-06-20 13:59:17,413 - INFO - Text feature norm: 22.077672958374023
2025-06-20 13:59:17,415 - INFO - logit_scale: 98.8645
2025-06-20 13:59:17,417 - INFO - Raw PickScore logits: [20.72431182861328, 19.501314163208008, 19.887619018554688, 20.469982147216797, 19.707794189453125, 19.637086868286133, 20.0194034576416, 19.226198196411133, 19.73760223388672, 19.58434295654297, 20.390201568603516, 20.317874908447266, 20.289581298828125, 19.975055694580078, 20.263837814331055]
2025-06-20 13:59:17,425 - INFO - ✅ Completed scoring 15 cards in 28.42 seconds (TRIAL MODE)
2025-06-20 13:59:17,427 - INFO - Score range before rescale: min=19.226198196411133, max=20.72431182861328
2025-06-20 13:59:17,435 - INFO - Trial results saved to art_scorin_trial.csv
2025-06-20 14:39:08,032 - INFO - Loading art_scoring.csv...
2025-06-20 14:39:08,265 - INFO - Loaded 18174 cards from art_scoring.csv
2025-06-20 14:39:08,265 - INFO - PRODUCTION MODE: Processing all 18174 cards
2025-06-20 14:39:08,265 - INFO - Using device: cpu
2025-06-20 14:39:08,266 - INFO - Loading PickScore model and processor...
2025-06-20 14:39:10,785 - INFO - PickScore model loaded successfully
2025-06-20 14:39:10,872 - INFO - Starting scoring of 18174 cards in batches of 50...
2025-06-20 14:42:20,450 - INFO - Loading art_scoring.csv...
2025-06-20 14:42:20,755 - INFO - Loaded 18174 cards from art_scoring.csv
2025-06-20 14:42:20,756 - INFO - PRODUCTION MODE: Processing all 18174 cards
2025-06-20 14:42:20,756 - INFO - Using device: cpu
2025-06-20 14:42:20,756 - INFO - Loading PickScore model and processor...
2025-06-20 14:42:23,308 - INFO - PickScore model loaded successfully
2025-06-20 14:42:23,420 - INFO - Starting scoring of 18174 cards in batches of 50...
